Using pre-set license
Built from '2020.3/staging' branch; Version is '2020.3.25f1 (9b9180224418) revision 10195328'; Using compiler version '192528614'; Build Type 'Release'
OS: 'Windows 10  (10.0.19044) 64bit CoreSingleLanguage' Language: 'en' Physical Memory: 14274 MB
BatchMode: 1, IsHumanControllingUs: 0, StartBugReporterOnCrash: 0, Is64bit: 1, IsPro: 0

COMMAND LINE ARGUMENTS:
E:\Work\Unity\editors\2020.3.25f1\Editor\Unity.exe
-adb2
-batchMode
-noUpm
-name
AssetImportWorker0
-projectPath
E:/Work/Unity/unity_learning/cloningProject/fishClone/FishPin
-logFile
Logs/AssetImportWorker0.log
-srvPort
50710
Successfully changed project path to: E:/Work/Unity/unity_learning/cloningProject/fishClone/FishPin
E:/Work/Unity/unity_learning/cloningProject/fishClone/FishPin
Using Asset Import Pipeline V2.
Refreshing native plugins compatible for Editor in 118.99 ms, found 3 plugins.
Preloading 0 native plugins for Editor in 0.00 ms.
Initialize engine version: 2020.3.25f1 (9b9180224418)
[Subsystems] Discovering subsystems at path E:/Work/Unity/editors/2020.3.25f1/Editor/Data/Resources/UnitySubsystems
[Subsystems] Discovering subsystems at path E:/Work/Unity/unity_learning/cloningProject/fishClone/FishPin/Assets
GfxDevice: creating device client; threaded=0
Direct3D:
    Version:  Direct3D 11.0 [level 11.1]
    Renderer: NVIDIA GeForce GTX 1650 (ID=0x1f91)
    Vendor:   
    VRAM:     3964 MB
    Driver:   30.0.15.1123
Initialize mono
Mono path[0] = 'E:/Work/Unity/editors/2020.3.25f1/Editor/Data/Managed'
Mono path[1] = 'E:/Work/Unity/editors/2020.3.25f1/Editor/Data/MonoBleedingEdge/lib/mono/unityjit'
Mono config path = 'E:/Work/Unity/editors/2020.3.25f1/Editor/Data/MonoBleedingEdge/etc'
Using monoOptions --debugger-agent=transport=dt_socket,embedding=1,server=y,suspend=n,address=127.0.0.1:56832
Begin MonoManager ReloadAssembly
Registering precompiled unity dll's ...
Register platform support module: E:/Work/Unity/editors/2020.3.25f1/Editor/Data/PlaybackEngines/WebGLSupport/UnityEditor.WebGL.Extensions.dll
Register platform support module: E:/Work/Unity/editors/2020.3.25f1/Editor/Data/PlaybackEngines/WindowsStandaloneSupport/UnityEditor.WindowsStandalone.Extensions.dll
Registered in 0.001505 seconds.
Native extension for WindowsStandalone target not found
Native extension for WebGL target not found
Refreshing native plugins compatible for Editor in 111.69 ms, found 3 plugins.
Preloading 0 native plugins for Editor in 0.00 ms.
Mono: successfully reloaded assembly
- Completed reload, in  0.773 seconds
Domain Reload Profiling:
	ReloadAssembly (774ms)
		BeginReloadAssembly (63ms)
			ExecutionOrderSort (0ms)
			DisableScriptedObjects (0ms)
			BackupInstance (0ms)
			ReleaseScriptingObjects (0ms)
			CreateAndSetChildDomain (1ms)
		EndReloadAssembly (624ms)
			LoadAssemblies (62ms)
			RebuildTransferFunctionScriptingTraits (0ms)
			SetupTypeCache (185ms)
			ReleaseScriptCaches (0ms)
			RebuildScriptCaches (34ms)
			SetupLoadedEditorAssemblies (279ms)
				LogAssemblyErrors (0ms)
				InitializePlatformSupportModulesInManaged (6ms)
				SetLoadedEditorAssemblies (0ms)
				RefreshPlugins (112ms)
				BeforeProcessingInitializeOnLoad (21ms)
				ProcessInitializeOnLoadAttributes (103ms)
				ProcessInitializeOnLoadMethodAttributes (37ms)
				AfterProcessingInitializeOnLoad (0ms)
				EditorAssembliesLoaded (0ms)
			ExecutionOrderSort2 (0ms)
			AwakeInstancesAfterBackupRestoration (0ms)
Platform modules already initialized, skipping
Registering precompiled user dll's ...
Registered in 0.003963 seconds.
Begin MonoManager ReloadAssembly
Native extension for WindowsStandalone target not found
Native extension for WebGL target not found
Refreshing native plugins compatible for Editor in 133.99 ms, found 3 plugins.
Preloading 0 native plugins for Editor in 0.00 ms.
Mono: successfully reloaded assembly
- Completed reload, in  1.819 seconds
Domain Reload Profiling:
	ReloadAssembly (1820ms)
		BeginReloadAssembly (169ms)
			ExecutionOrderSort (0ms)
			DisableScriptedObjects (6ms)
			BackupInstance (0ms)
			ReleaseScriptingObjects (0ms)
			CreateAndSetChildDomain (24ms)
		EndReloadAssembly (1571ms)
			LoadAssemblies (117ms)
			RebuildTransferFunctionScriptingTraits (0ms)
			SetupTypeCache (447ms)
			ReleaseScriptCaches (1ms)
			RebuildScriptCaches (102ms)
			SetupLoadedEditorAssemblies (686ms)
				LogAssemblyErrors (0ms)
				InitializePlatformSupportModulesInManaged (5ms)
				SetLoadedEditorAssemblies (2ms)
				RefreshPlugins (134ms)
				BeforeProcessingInitializeOnLoad (151ms)
				ProcessInitializeOnLoadAttributes (283ms)
				ProcessInitializeOnLoadMethodAttributes (107ms)
				AfterProcessingInitializeOnLoad (3ms)
				EditorAssembliesLoaded (0ms)
			ExecutionOrderSort2 (0ms)
			AwakeInstancesAfterBackupRestoration (8ms)
Platform modules already initialized, skipping
========================================================================
Worker process is ready to serve import requests
Launched and connected shader compiler UnityShaderCompiler.exe after 0.05 seconds
Refreshing native plugins compatible for Editor in 1.31 ms, found 3 plugins.
Preloading 0 native plugins for Editor in 0.00 ms.
Unloading 4147 Unused Serialized files (Serialized files now loaded: 0)
System memory in use before: 167.0 MB.
System memory in use after: 167.3 MB.

Unloading 62 unused Assets to reduce memory usage. Loaded Objects now: 4552.
Total: 9.288000 ms (FindLiveObjects: 0.413700 ms CreateObjectMapping: 0.209800 ms MarkObjects: 8.508100 ms  DeleteObjects: 0.154700 ms)

AssetImportParameters requested are different than current active one (requested -> active):
  custom:framework-win-MediaFoundation: 216162199b28c13a410421893ffa2e32 -> 
  custom:video-decoder-ogg-theora: a1e56fd34408186e4bbccfd4996cb3dc -> 
  custom:container-muxer-webm: aa71ff27fc2769a1b78a27578f13a17b -> 
  custom:container-demuxer-webm: 4f35f7cbe854078d1ac9338744f61a02 -> 
  custom:container-demuxer-ogg: 62fdf1f143b41e24485cea50d1cbac27 -> 
  custom:video-encoder-webm-vp8: eb34c28f22e8b96e1ab97ce403110664 -> 
  custom:video-decoder-webm-vp8: 9c59270c3fd7afecdb556c50c9e8de78 -> 
  custom:audio-decoder-ogg-vorbis: bf7c407c2cedff20999df2af8eb42d56 -> 
  custom:audio-encoder-webm-vorbis: bf7c407c2cedff20999df2af8eb42d56 -> 
========================================================================
Received Import Request.
  path: Assets/Prefabs/Script/Layout/UI Quest/DailyQuest.cs
  artifactKey: Guid(c3a706cd921abbe448de405496e1b3b9) Importer(815301076,1909f56bfc062723c751e8b465ee728b)
Start importing Assets/Prefabs/Script/Layout/UI Quest/DailyQuest.cs using Guid(c3a706cd921abbe448de405496e1b3b9) Importer(815301076,1909f56bfc062723c751e8b465ee728b)  -> (artifact id: 'ee3e4121fd4419c3ac8ff762ebb8df46') in 0.027267 seconds 
  Import took 0.040211 seconds .

========================================================================
Received Import Request.
  Time since last request: 0.000298 seconds.
  path: Assets/UniversalRenderPipelineAsset_Renderer.asset
  artifactKey: Guid(b96e5b435a4f4614c838d8957faf61ec) Importer(815301076,1909f56bfc062723c751e8b465ee728b)
Start importing Assets/UniversalRenderPipelineAsset_Renderer.asset using Guid(b96e5b435a4f4614c838d8957faf61ec) Importer(815301076,1909f56bfc062723c751e8b465ee728b)  -> (artifact id: '00538fe3f47f651de79340c257ba6896') in 0.015913 seconds 
  Import took 0.022527 seconds .

========================================================================
Received Import Request.
  Time since last request: 0.000199 seconds.
  path: Assets/Images/UI/daily.png
  artifactKey: Guid(f938d1b067d25584ea5df748e89e7b6a) Importer(815301076,1909f56bfc062723c751e8b465ee728b)
Start importing Assets/Images/UI/daily.png using Guid(f938d1b067d25584ea5df748e89e7b6a) Importer(815301076,1909f56bfc062723c751e8b465ee728b)  -> (artifact id: '5c73683f3c200a8016a5f0f0255b5fac') in 0.090700 seconds 
  Import took 0.098306 seconds .

========================================================================
Received Import Request.
  Time since last request: 0.000244 seconds.
  path: Assets/Images/UI/Achievements/daily.png
  artifactKey: Guid(5eefd1c0513a0754881d59e80ce686ff) Importer(815301076,1909f56bfc062723c751e8b465ee728b)
Start importing Assets/Images/UI/Achievements/daily.png using Guid(5eefd1c0513a0754881d59e80ce686ff) Importer(815301076,1909f56bfc062723c751e8b465ee728b)  -> (artifact id: '370d0474e573e57af0bdc7ffa4756987') in 0.014771 seconds 
  Import took 0.022527 seconds .

========================================================================
Received Import Request.
  Time since last request: 0.000264 seconds.
  path: Assets/Slackey-Regular.ttf
  artifactKey: Guid(3758f06a34578d246929e32fe0dde229) Importer(815301076,1909f56bfc062723c751e8b465ee728b)
Start importing Assets/Slackey-Regular.ttf using Guid(3758f06a34578d246929e32fe0dde229) Importer(815301076,1909f56bfc062723c751e8b465ee728b)  -> (artifact id: '5eb4302e3044323aa222cd6cd0810383') in 0.246409 seconds 
  Import took 0.254299 seconds .

========================================================================
Received Import Request.
  Time since last request: 0.000246 seconds.
  path: Assets/UniversalRenderPipelineAsset.asset
  artifactKey: Guid(2371a86649272484b9e42df9649d2e3e) Importer(815301076,1909f56bfc062723c751e8b465ee728b)
Start importing Assets/UniversalRenderPipelineAsset.asset using Guid(2371a86649272484b9e42df9649d2e3e) Importer(815301076,1909f56bfc062723c751e8b465ee728b)  -> (artifact id: '49f4dc615ed0f9188faf1178b2dcc013') in 0.003148 seconds 
  Import took 0.011912 seconds .

========================================================================
Received Import Request.
  Time since last request: 0.000225 seconds.
  path: Assets/Prefabs/UI/quest/DailyUi=========.prefab
  artifactKey: Guid(cdaa7395442be2243a1b3b262ce11640) Importer(815301076,1909f56bfc062723c751e8b465ee728b)
Start importing Assets/Prefabs/UI/quest/DailyUi=========.prefab using Guid(cdaa7395442be2243a1b3b262ce11640) Importer(815301076,1909f56bfc062723c751e8b465ee728b)  -> (artifact id: '1940c4feaeda3b673251a2c6c95c1bbd') in 0.053073 seconds 
  Import took 0.064825 seconds .

========================================================================
Received Import Request.
  Time since last request: 0.000240 seconds.
  path: Assets/Data/RewardsDBDaily.asset
  artifactKey: Guid(4d7af2f7bae9a6141a52b5a1631823a4) Importer(815301076,1909f56bfc062723c751e8b465ee728b)
Start importing Assets/Data/RewardsDBDaily.asset using Guid(4d7af2f7bae9a6141a52b5a1631823a4) Importer(815301076,1909f56bfc062723c751e8b465ee728b)  -> (artifact id: '2922d0b276fc9fd2d0b36e9beb5a1119') in 0.002259 seconds 
  Import took 0.011036 seconds .

AssetImportWorkerClient::OnTransportError - code=2 error=End of file
