Using pre-set license
Built from '2020.3/staging' branch; Version is '2020.3.25f1 (9b9180224418) revision 10195328'; Using compiler version '192528614'; Build Type 'Release'
OS: 'Windows 10  (10.0.19043) 64bit Professional' Language: 'en' Physical Memory: 7834 MB
BatchMode: 1, IsHumanControllingUs: 0, StartBugReporterOnCrash: 0, Is64bit: 1, IsPro: 0

COMMAND LINE ARGUMENTS:
C:\Program Files\Unity\Hub\Editor\2020.3.25f1\Editor\Unity.exe
-adb2
-batchMode
-noUpm
-name
AssetImportWorker0
-projectPath
C:/Users/HP/Documents/HocTap/Project Unity/FishPin-New/FishPin
-logFile
Logs/AssetImportWorker0.log
-srvPort
53345
Successfully changed project path to: C:/Users/HP/Documents/HocTap/Project Unity/FishPin-New/FishPin
C:/Users/HP/Documents/HocTap/Project Unity/FishPin-New/FishPin
Using Asset Import Pipeline V2.
Refreshing native plugins compatible for Editor in 95.85 ms, found 3 plugins.
Preloading 0 native plugins for Editor in 0.00 ms.
Initialize engine version: 2020.3.25f1 (9b9180224418)
[Subsystems] Discovering subsystems at path C:/Program Files/Unity/Hub/Editor/2020.3.25f1/Editor/Data/Resources/UnitySubsystems
[Subsystems] Discovering subsystems at path C:/Users/HP/Documents/HocTap/Project Unity/FishPin-New/FishPin/Assets
GfxDevice: creating device client; threaded=0
Direct3D:
    Version:  Direct3D 11.0 [level 11.1]
    Renderer: Intel(R) Iris(R) Xe Graphics (ID=0x9a49)
    Vendor:   
    VRAM:     3917 MB
    Driver:   27.20.100.8935
Initialize mono
Mono path[0] = 'C:/Program Files/Unity/Hub/Editor/2020.3.25f1/Editor/Data/Managed'
Mono path[1] = 'C:/Program Files/Unity/Hub/Editor/2020.3.25f1/Editor/Data/MonoBleedingEdge/lib/mono/unityjit'
Mono config path = 'C:/Program Files/Unity/Hub/Editor/2020.3.25f1/Editor/Data/MonoBleedingEdge/etc'
Using monoOptions --debugger-agent=transport=dt_socket,embedding=1,server=y,suspend=n,address=127.0.0.1:56300
Begin MonoManager ReloadAssembly
Registering precompiled unity dll's ...
Register platform support module: C:/Program Files/Unity/Hub/Editor/2020.3.25f1/Editor/Data/PlaybackEngines/WindowsStandaloneSupport/UnityEditor.WindowsStandalone.Extensions.dll
Registered in 0.012857 seconds.
Native extension for WindowsStandalone target not found
Refreshing native plugins compatible for Editor in 91.97 ms, found 3 plugins.
Preloading 0 native plugins for Editor in 0.00 ms.
Mono: successfully reloaded assembly
- Completed reload, in  0.557 seconds
Domain Reload Profiling:
	ReloadAssembly (557ms)
		BeginReloadAssembly (39ms)
			ExecutionOrderSort (0ms)
			DisableScriptedObjects (0ms)
			BackupInstance (0ms)
			ReleaseScriptingObjects (0ms)
			CreateAndSetChildDomain (1ms)
		EndReloadAssembly (449ms)
			LoadAssemblies (37ms)
			RebuildTransferFunctionScriptingTraits (0ms)
			SetupTypeCache (114ms)
			ReleaseScriptCaches (0ms)
			RebuildScriptCaches (30ms)
			SetupLoadedEditorAssemblies (211ms)
				LogAssemblyErrors (0ms)
				InitializePlatformSupportModulesInManaged (4ms)
				SetLoadedEditorAssemblies (0ms)
				RefreshPlugins (92ms)
				BeforeProcessingInitializeOnLoad (13ms)
				ProcessInitializeOnLoadAttributes (77ms)
				ProcessInitializeOnLoadMethodAttributes (24ms)
				AfterProcessingInitializeOnLoad (0ms)
				EditorAssembliesLoaded (0ms)
			ExecutionOrderSort2 (0ms)
			AwakeInstancesAfterBackupRestoration (0ms)
Platform modules already initialized, skipping
Registering precompiled user dll's ...
Registered in 0.012818 seconds.
Begin MonoManager ReloadAssembly
Native extension for WindowsStandalone target not found
Refreshing native plugins compatible for Editor in 91.74 ms, found 3 plugins.
Preloading 0 native plugins for Editor in 0.00 ms.
Mono: successfully reloaded assembly
- Completed reload, in  1.320 seconds
Domain Reload Profiling:
	ReloadAssembly (1321ms)
		BeginReloadAssembly (118ms)
			ExecutionOrderSort (0ms)
			DisableScriptedObjects (4ms)
			BackupInstance (0ms)
			ReleaseScriptingObjects (0ms)
			CreateAndSetChildDomain (21ms)
		EndReloadAssembly (1151ms)
			LoadAssemblies (164ms)
			RebuildTransferFunctionScriptingTraits (0ms)
			SetupTypeCache (307ms)
			ReleaseScriptCaches (1ms)
			RebuildScriptCaches (49ms)
			SetupLoadedEditorAssemblies (523ms)
				LogAssemblyErrors (0ms)
				InitializePlatformSupportModulesInManaged (3ms)
				SetLoadedEditorAssemblies (0ms)
				RefreshPlugins (92ms)
				BeforeProcessingInitializeOnLoad (115ms)
				ProcessInitializeOnLoadAttributes (228ms)
				ProcessInitializeOnLoadMethodAttributes (80ms)
				AfterProcessingInitializeOnLoad (5ms)
				EditorAssembliesLoaded (1ms)
			ExecutionOrderSort2 (0ms)
			AwakeInstancesAfterBackupRestoration (5ms)
Platform modules already initialized, skipping
========================================================================
Worker process is ready to serve import requests
Launched and connected shader compiler UnityShaderCompiler.exe after 0.04 seconds
Refreshing native plugins compatible for Editor in 0.93 ms, found 3 plugins.
Preloading 0 native plugins for Editor in 0.00 ms.
Unloading 4148 Unused Serialized files (Serialized files now loaded: 0)
System memory in use before: 167.1 MB.
System memory in use after: 167.3 MB.

Unloading 62 unused Assets to reduce memory usage. Loaded Objects now: 4553.
Total: 6.142900 ms (FindLiveObjects: 0.277300 ms CreateObjectMapping: 0.145600 ms MarkObjects: 5.593700 ms  DeleteObjects: 0.124700 ms)

AssetImportParameters requested are different than current active one (requested -> active):
  custom:framework-win-MediaFoundation: 216162199b28c13a410421893ffa2e32 -> 
  custom:video-decoder-ogg-theora: a1e56fd34408186e4bbccfd4996cb3dc -> 
  custom:container-muxer-webm: aa71ff27fc2769a1b78a27578f13a17b -> 
  custom:container-demuxer-webm: 4f35f7cbe854078d1ac9338744f61a02 -> 
  custom:container-demuxer-ogg: 62fdf1f143b41e24485cea50d1cbac27 -> 
  custom:video-encoder-webm-vp8: eb34c28f22e8b96e1ab97ce403110664 -> 
  custom:video-decoder-webm-vp8: 9c59270c3fd7afecdb556c50c9e8de78 -> 
  custom:audio-decoder-ogg-vorbis: bf7c407c2cedff20999df2af8eb42d56 -> 
  custom:audio-encoder-webm-vorbis: bf7c407c2cedff20999df2af8eb42d56 -> 
========================================================================
Received Import Request.
  path: Assets/Images/Pin
  artifactKey: Guid(1741ecff8128cbf48b5db452b1856cc3) Importer(815301076,1909f56bfc062723c751e8b465ee728b)
Start importing Assets/Images/Pin using Guid(1741ecff8128cbf48b5db452b1856cc3) Importer(815301076,1909f56bfc062723c751e8b465ee728b)  -> (artifact id: 'affa7397f22672578bb7487085c9b530') in 0.022799 seconds 
  Import took 0.030170 seconds .

========================================================================
Received Import Request.
  Time since last request: 1.008093 seconds.
  path: Assets/Images/UI
  artifactKey: Guid(ead3d6e7b9157e946a55759c7504cd94) Importer(815301076,1909f56bfc062723c751e8b465ee728b)
Start importing Assets/Images/UI using Guid(ead3d6e7b9157e946a55759c7504cd94) Importer(815301076,1909f56bfc062723c751e8b465ee728b)  -> (artifact id: '0e5ac02aebc63ef35cda00ecdb1874bb') in 0.012425 seconds 
  Import took 0.018662 seconds .

========================================================================
Received Import Request.
  Time since last request: 1.750261 seconds.
  path: Assets/Images/achivement
  artifactKey: Guid(e826c761ffc84f74b9f08cc56e0c39cd) Importer(815301076,1909f56bfc062723c751e8b465ee728b)
Start importing Assets/Images/achivement using Guid(e826c761ffc84f74b9f08cc56e0c39cd) Importer(815301076,1909f56bfc062723c751e8b465ee728b)  -> (artifact id: '64b1d155f2871bf7b8d10699bb9785f1') in 0.016665 seconds 
  Import took 0.022866 seconds .

========================================================================
Received Import Request.
  Time since last request: 0.857527 seconds.
  path: Assets/Images/BombEffect
  artifactKey: Guid(e3d02eb92120e8f44b1d6faa6ed0fcc0) Importer(815301076,1909f56bfc062723c751e8b465ee728b)
Start importing Assets/Images/BombEffect using Guid(e3d02eb92120e8f44b1d6faa6ed0fcc0) Importer(815301076,1909f56bfc062723c751e8b465ee728b)  -> (artifact id: 'de9631d1e52dced08edc83a8a603e998') in 0.008117 seconds 
  Import took 0.014571 seconds .

========================================================================
Received Import Request.
  Time since last request: 0.942424 seconds.
  path: Assets/Images/fish
  artifactKey: Guid(b4c0ddaa7766f7e46b861fb2f6742c0e) Importer(815301076,1909f56bfc062723c751e8b465ee728b)
Start importing Assets/Images/fish using Guid(b4c0ddaa7766f7e46b861fb2f6742c0e) Importer(815301076,1909f56bfc062723c751e8b465ee728b)  -> (artifact id: '25f4522643c3565636985e2f1ece7df6') in 0.007714 seconds 
  Import took 0.013746 seconds .

========================================================================
Received Import Request.
  Time since last request: 2.014189 seconds.
  path: Assets/Images/fish/jellyfish-0
  artifactKey: Guid(d06e453658a20054c9f77fb0f12b9be0) Importer(815301076,1909f56bfc062723c751e8b465ee728b)
Start importing Assets/Images/fish/jellyfish-0 using Guid(d06e453658a20054c9f77fb0f12b9be0) Importer(815301076,1909f56bfc062723c751e8b465ee728b)  -> (artifact id: 'c46d9d9c9a11d02ca5f66a3aa556fe50') in 0.017373 seconds 
  Import took 0.023819 seconds .

========================================================================
Received Import Request.
  Time since last request: 0.763524 seconds.
  path: Assets/Images/fish/Snake
  artifactKey: Guid(6a0ad9794ac71454f8650ce40b62de53) Importer(815301076,1909f56bfc062723c751e8b465ee728b)
Start importing Assets/Images/fish/Snake using Guid(6a0ad9794ac71454f8650ce40b62de53) Importer(815301076,1909f56bfc062723c751e8b465ee728b)  -> (artifact id: '182014658a1328ede4aa93f99708f8a8') in 0.007970 seconds 
  Import took 0.014023 seconds .

========================================================================
Received Import Request.
  Time since last request: 0.919993 seconds.
  path: Assets/Images/fish/expressions_fish_220709
  artifactKey: Guid(1900376e67b7ed446bc4ae3660df7670) Importer(815301076,1909f56bfc062723c751e8b465ee728b)
Start importing Assets/Images/fish/expressions_fish_220709 using Guid(1900376e67b7ed446bc4ae3660df7670) Importer(815301076,1909f56bfc062723c751e8b465ee728b)  -> (artifact id: 'f7673d23332072a9e8ad488fd8a3a9aa') in 0.016295 seconds 
  Import took 0.021847 seconds .

========================================================================
Received Import Request.
  Time since last request: 0.068855 seconds.
  path: Assets/Images/fish/expressions_fish_220709/expressions_fish_220709_00048.png
  artifactKey: Guid(79aff5feec1baa349bc35df1ae4311b8) Importer(815301076,1909f56bfc062723c751e8b465ee728b)
Start importing Assets/Images/fish/expressions_fish_220709/expressions_fish_220709_00048.png using Guid(79aff5feec1baa349bc35df1ae4311b8) Importer(815301076,1909f56bfc062723c751e8b465ee728b)  -> (artifact id: 'a27996a31af64332378a1cfe77af11e3') in 0.109575 seconds 
  Import took 0.116182 seconds .

========================================================================
Received Import Request.
  Time since last request: 1.217039 seconds.
  path: Assets/Images
  artifactKey: Guid(485724d9eb23f944dbb8cbb4ef4850cb) Importer(815301076,1909f56bfc062723c751e8b465ee728b)
Start importing Assets/Images using Guid(485724d9eb23f944dbb8cbb4ef4850cb) Importer(815301076,1909f56bfc062723c751e8b465ee728b)  -> (artifact id: '49160a9870010a3f052bdfede9cd7f0f') in 0.009843 seconds 
  Import took 0.017275 seconds .

AssetImportWorkerClient::OnTransportError - code=2 error=End of file
